0 info it worked if it ends with ok
1 verbose cli [ '/usr/local/Cellar/node/4.2.1/bin/node',
1 verbose cli   '/usr/local/bin/npm',
1 verbose cli   'start' ]
2 info using npm@3.9.5
3 info using node@v6.2.2
4 verbose run-script [ 'prestart', 'start', 'poststart' ]
5 info lifecycle @littlstar/axis360@1.22.0~prestart: @littlstar/axis360@1.22.0
6 silly lifecycle @littlstar/axis360@1.22.0~prestart: no script for prestart, continuing
7 info lifecycle @littlstar/axis360@1.22.0~start: @littlstar/axis360@1.22.0
8 verbose lifecycle @littlstar/axis360@1.22.0~start: unsafe-perm in lifecycle true
9 verbose lifecycle @littlstar/axis360@1.22.0~start: PATH: /usr/local/lib/node_modules/npm/bin/node-gyp-bin:/Users/nathangrotticelli/Desktop/edenVRWebsite/axis360/node_modules/.bin:/usr/local/Cellar/node/4.2.1/bin:/usr/local/bin:/usr/bin:/bin:/usr/sbin:/sbin:/usr/local/git/bin:/Library/Frameworks/Python.framework/Versions/2.7/bin
10 verbose lifecycle @littlstar/axis360@1.22.0~start: CWD: /Users/nathangrotticelli/Desktop/edenVRWebsite/axis360
11 silly lifecycle @littlstar/axis360@1.22.0~start: Args: [ '-c',
11 silly lifecycle   'node example/index.js --dir example --dir public/assets --live -- $(BROWSERIFY_TRANSFORM)' ]
12 silly lifecycle @littlstar/axis360@1.22.0~start: Returned: code: 1  signal: null
13 info lifecycle @littlstar/axis360@1.22.0~start: Failed to exec start script
14 verbose stack Error: @littlstar/axis360@1.22.0 start: `node example/index.js --dir example --dir public/assets --live -- $(BROWSERIFY_TRANSFORM)`
14 verbose stack Exit status 1
14 verbose stack     at EventEmitter.<anonymous> (/usr/local/lib/node_modules/npm/lib/utils/lifecycle.js:245:16)
14 verbose stack     at emitTwo (events.js:106:13)
14 verbose stack     at EventEmitter.emit (events.js:191:7)
14 verbose stack     at ChildProcess.<anonymous> (/usr/local/lib/node_modules/npm/lib/utils/spawn.js:24:14)
14 verbose stack     at emitTwo (events.js:106:13)
14 verbose stack     at ChildProcess.emit (events.js:191:7)
14 verbose stack     at maybeClose (internal/child_process.js:852:16)
14 verbose stack     at Process.ChildProcess._handle.onexit (internal/child_process.js:215:5)
15 verbose pkgid @littlstar/axis360@1.22.0
16 verbose cwd /Users/nathangrotticelli/Desktop/edenVRWebsite/axis360
17 error Darwin 14.5.0
18 error argv "/usr/local/Cellar/node/4.2.1/bin/node" "/usr/local/bin/npm" "start"
19 error node v6.2.2
20 error npm  v3.9.5
21 error code ELIFECYCLE
22 error @littlstar/axis360@1.22.0 start: `node example/index.js --dir example --dir public/assets --live -- $(BROWSERIFY_TRANSFORM)`
22 error Exit status 1
23 error Failed at the @littlstar/axis360@1.22.0 start script 'node example/index.js --dir example --dir public/assets --live -- $(BROWSERIFY_TRANSFORM)'.
23 error Make sure you have the latest version of node.js and npm installed.
23 error If you do, this is most likely a problem with the @littlstar/axis360 package,
23 error not with npm itself.
23 error Tell the author that this fails on your system:
23 error     node example/index.js --dir example --dir public/assets --live -- $(BROWSERIFY_TRANSFORM)
23 error You can get information on how to open an issue for this project with:
23 error     npm bugs @littlstar/axis360
23 error Or if that isn't available, you can get their info via:
23 error     npm owner ls @littlstar/axis360
23 error There is likely additional logging output above.
24 verbose exit [ 1, true ]
